<?xml version="1.0" encoding="UTF-8"?>
<!-- Generated by org.testng.reporters.JUnitReportReporter -->
<testsuite hostname="DESKTOP-I6MKJFC" failures="0" tests="2" name="testngPackage.AssertClass" time="11.352" errors="0" timestamp="2022-09-21T13:28:30 GMT-04:00" skipped="0">
  <testcase classname="testngPackage.AssertClass" name="performLogin" time="9.298"/>
  <system-out/>
  <testcase classname="testngPackage.AssertClass" name="assertHomePage" time="2.054"/>
  <system-out/>
</testsuite> <!-- testngPackage.AssertClass -->
