<?xml version="1.0" encoding="UTF-8"?>
<!-- Generated by org.testng.reporters.JUnitReportReporter -->
<testsuite hostname="DESKTOP-I6MKJFC" failures="0" tests="1" name="testngPackage.BeforeAndAfterClass" time="8.632" errors="0" timestamp="2022-09-21T13:20:07 GMT-04:00" skipped="0">
  <testcase classname="testngPackage.BeforeAndAfterClass" name="performLogin" time="8.632"/>
  <system-out/>
</testsuite> <!-- testngPackage.BeforeAndAfterClass -->
