<?xml version="1.0" encoding="UTF-8"?>
<!-- Generated by org.testng.reporters.JUnitReportReporter -->
<testsuite hostname="DESKTOP-I6MKJFC" failures="0" tests="3" name="testngPackage.DataProviderClass" time="37.389" errors="0" timestamp="2022-09-21T13:48:08 GMT-04:00" skipped="0">
  <testcase classname="testngPackage.DataProviderClass" name="checking" time="6.385"/>
  <system-out/>
  <testcase classname="testngPackage.DataProviderClass" name="checking" time="17.423"/>
  <system-out/>
  <testcase classname="testngPackage.DataProviderClass" name="checking" time="13.581"/>
  <system-out/>
</testsuite> <!-- testngPackage.DataProviderClass -->
